#
# A fatal error has been detected by the Java Runtime Environment:
#
#  EXCEPTION_ACCESS_VIOLATION (0xc0000005) at pc=0x0000000064601580, pid=2040, tid=528
#
# JRE version: Java(TM) SE Runtime Environment (8.0_25-b18) (build 1.8.0_25-b18)
# Java VM: Java HotSpot(TM) 64-Bit Server VM (25.25-b02 mixed mode windows-amd64 compressed oops)
# Problematic frame:
# V  [jvm.dll+0xa1580]
#
# Failed to write core dump. Minidumps are not enabled by default on client versions of Windows
#
# If you would like to submit a bug report, please visit:
#   http://bugreport.sun.com/bugreport/crash.jsp
#

---------------  T H R E A D  ---------------

Current thread (0x00000000024f8800):  GCTaskThread [stack: 0x0000000011e10000,0x0000000011f10000] [id=528]

siginfo: ExceptionCode=0xc0000005, reading address 0x00000000039003a8

Registers:
RAX=0x0000000000000002, RBX=0x00000000eca70ab8, RCX=0x00000000eca70ab8, RDX=0x00000000039003a0
RSP=0x0000000011f0f768, RBP=0x0000000000000000, RSI=0x0000000014a164c0, RDI=0x0000000016909e90
R8 =0x0000000014a164c0, R9 =0x0000000000000005, R10=0x0072007500740061, R11=0x00000000c09197d0
R12=0x0000000064b85448, R13=0x0053002f0067006e, R14=0x0000000000000000, R15=0x00000000024f8aa0
RIP=0x0000000064601580, EFLAGS=0x0000000000010206

Top of Stack: (sp=0x0000000011f0f768)
0x0000000011f0f768:   000000006493f4f2 00000000eca70f38
0x0000000011f0f778:   0000000000000003 0000000014a164c0
0x0000000011f0f788:   0000000014a164c0 00000000c0918088
0x0000000011f0f798:   0000000064940435 00000000c0918ae8
0x0000000011f0f7a8:   0000000000000400 0000000000000000
0x0000000011f0f7b8:   00000000024f6801 0000000064b85448
0x0000000011f0f7c8:   000000006493f880 00000000c0918e30
0x0000000011f0f7d8:   0000000000000000 0000000014a164c0
0x0000000011f0f7e8:   0000000016909e90 00000000c0918e30
0x0000000011f0f7f8:   0000000064940265 0000000002702690
0x0000000011f0f808:   0000000000000000 00000000024f8a90
0x0000000011f0f818:   00000000024f6840 0000000064b851a0
0x0000000011f0f828:   000000006475dc4d 00000000024f9600
0x0000000011f0f838:   0000000011f0f8d0 0000000016909e60
0x0000000011f0f848:   0000000064942648 00000000022dcde0
0x0000000011f0f858:   0000000064764642 00000000024f8800 

Instructions: (pc=0x0000000064601580)
0x0000000064601560:   48 8d 05 b1 39 51 00 48 89 44 24 30 e8 ff 3a 1d
0x0000000064601570:   00 48 81 c4 c0 00 00 00 5b c3 cc cc cc cc cc cc
0x0000000064601580:   44 8b 42 08 4c 8b ca 45 85 c0 7e 0e 41 f6 c0 01
0x0000000064601590:   75 57 41 c1 f8 03 41 8b c0 c3 79 4d 80 3d a6 2d 


Register to memory mapping:

RAX=0x0000000000000002 is an unknown value
RBX=0x00000000eca70ab8 is an oop

[error occurred during error reporting (printing register info), id 0xc0000005]

Stack: [0x0000000011e10000,0x0000000011f10000],  sp=0x0000000011f0f768,  free space=1021k
Native frames: (J=compiled Java code, j=interpreted, Vv=VM code, C=native code)


---------------  P R O C E S S  ---------------

Java Threads: ( => current thread )
  0x0000000015fb7000 JavaThread "pool-1-thread-4" [_thread_blocked, id=6052, stack(0x00000000165a0000,0x00000000166a0000)]
  0x0000000015fb2800 JavaThread "pool-1-thread-3" [_thread_blocked, id=2884, stack(0x00000000164a0000,0x00000000165a0000)]
  0x0000000015fae000 JavaThread "pool-1-thread-2" [_thread_blocked, id=972, stack(0x00000000163a0000,0x00000000164a0000)]
  0x0000000015fac000 JavaThread "pool-2-thread-1" [_thread_blocked, id=144, stack(0x00000000162a0000,0x00000000163a0000)]
  0x0000000015fab000 JavaThread "pool-1-thread-1" [_thread_blocked, id=5044, stack(0x00000000161a0000,0x00000000162a0000)]
  0x0000000014ac2000 JavaThread "Service Thread" daemon [_thread_blocked, id=7256, stack(0x0000000015ba0000,0x0000000015ca0000)]
  0x0000000014abb800 JavaThread "C1 CompilerThread1" daemon [_thread_blocked, id=7476, stack(0x0000000015aa0000,0x0000000015ba0000)]
  0x0000000014a69800 JavaThread "C2 CompilerThread0" daemon [_thread_blocked, id=3596, stack(0x00000000159a0000,0x0000000015aa0000)]
  0x0000000014a67800 JavaThread "Attach Listener" daemon [_thread_blocked, id=6264, stack(0x00000000158a0000,0x00000000159a0000)]
  0x0000000014a64800 JavaThread "Signal Dispatcher" daemon [_thread_blocked, id=248, stack(0x00000000157a0000,0x00000000158a0000)]
  0x0000000014a23800 JavaThread "Finalizer" daemon [_thread_blocked, id=7784, stack(0x00000000156a0000,0x00000000157a0000)]
  0x0000000014a22800 JavaThread "Reference Handler" daemon [_thread_blocked, id=6736, stack(0x00000000155a0000,0x00000000156a0000)]
  0x00000000024e0800 JavaThread "main" [_thread_blocked, id=4032, stack(0x00000000023e0000,0x00000000024e0000)]

Other Threads:
  0x0000000014a1a800 VMThread [stack: 0x00000000154a0000,0x00000000155a0000] [id=6128]
  0x0000000014ac3000 WatcherThread [stack: 0x0000000015ca0000,0x0000000015da0000] [id=4640]

=>0x00000000024f8800 (exited) GCTaskThread [stack: 0x0000000011e10000,0x0000000011f10000] [id=528]

VM state:at safepoint (normal execution)

VM Mutex/Monitor currently owned by a thread:  ([mutex/lock_event])
[0x00000000022dbbd0] Threads_lock - owner thread: 0x0000000014a1a800
[0x00000000022dc250] Heap_lock - owner thread: 0x0000000015fb7000

Heap:
 PSYoungGen      total 35328K, used 35328K [0x00000000eab00000, 0x00000000ed000000, 0x0000000100000000)
  eden space 32768K, 100% used [0x00000000eab00000,0x00000000ecb00000,0x00000000ecb00000)
  from space 2560K, 100% used [0x00000000ecd80000,0x00000000ed000000,0x00000000ed000000)
  to   space 2560K, 100% used [0x00000000ecb00000,0x00000000ecd80000,0x00000000ecd80000)
 ParOldGen       total 44032K, used 9794K [0x00000000c0000000, 0x00000000c2b00000, 0x00000000eab00000)
  object space 44032K, 22% used [0x00000000c0000000,0x00000000c0990b08,0x00000000c2b00000)
 Metaspace       used 6105K, capacity 7088K, committed 7296K, reserved 1056768K
  class space    used 579K, capacity 616K, committed 640K, reserved 1048576K

Card table byte_map: [0x00000000119a0000,0x0000000011bb0000] byte_map_base: 0x00000000113a0000

Marking Bits: (ParMarkBitMap*) 0x0000000064d3d490
 Begin Bits: [0x0000000011f10000, 0x0000000012f10000)
 End Bits:   [0x0000000012f10000, 0x0000000013f10000)

Polling page: 0x00000000009a0000

CodeCache: size=245760Kb used=6725Kb max_used=6725Kb free=239034Kb
 bounds [0x00000000025e0000, 0x0000000002c80000, 0x00000000115e0000]
 total_blobs=1882 nmethods=1616 adapters=178
 compilation: enabled

Compilation events (10 events):
Event: 9.401 Thread 0x0000000014abb800 1621       2       com.android.dx.cf.iface.StdFieldList::get (9 bytes)
Event: 9.401 Thread 0x0000000014abb800 nmethod 1621 0x0000000002c67d90 code [0x0000000002c67f00, 0x0000000002c680c8]
Event: 9.401 Thread 0x0000000014abb800 1622       2       com.android.dx.dex.file.EncodedField::<init> (25 bytes)
Event: 9.402 Thread 0x0000000014abb800 nmethod 1622 0x0000000002c68190 code [0x0000000002c68300, 0x0000000002c68508]
Event: 9.402 Thread 0x0000000014abb800 1623       2       com.android.dx.rop.type.Type::getComponentType (70 bytes)
Event: 9.402 Thread 0x0000000014abb800 nmethod 1623 0x0000000002c685d0 code [0x0000000002c687a0, 0x0000000002c68c88]
Event: 9.415 Thread 0x0000000014abb800 1624       1       java.util.concurrent.locks.AbstractQueuedSynchronizer::compareAndSetWaitStatus (13 bytes)
Event: 9.415 Thread 0x0000000014abb800 nmethod 1624 0x0000000002c68fd0 code [0x0000000002c69120, 0x0000000002c69230]
Event: 9.418 Thread 0x0000000014abb800 1625       2       com.android.dx.ssa.NormalSsaInsn::isMoveException (20 bytes)
Event: 9.419 Thread 0x0000000014abb800 nmethod 1625 0x0000000002c69290 code [0x0000000002c693e0, 0x0000000002c69550]

GC Heap History (5 events):
Event: 4.476 GC heap before
{Heap before GC invocations=1 (full 0):
 PSYoungGen      total 18944K, used 16384K [0x00000000eab00000, 0x00000000ec000000, 0x0000000100000000)
  eden space 16384K, 100% used [0x00000000eab00000,0x00000000ebb00000,0x00000000ebb00000)
  from space 2560K, 0% used [0x00000000ebd80000,0x00000000ebd80000,0x00000000ec000000)
  to   space 2560K, 0% used [0x00000000ebb00000,0x00000000ebb00000,0x00000000ebd80000)
 ParOldGen       total 44032K, used 0K [0x00000000c0000000, 0x00000000c2b00000, 0x00000000eab00000)
  object space 44032K, 0% used [0x00000000c0000000,0x00000000c0000000,0x00000000c2b00000)
 Metaspace       used 5705K, capacity 6768K, committed 7040K, reserved 1056768K
  class space    used 576K, capacity 616K, committed 640K, reserved 1048576K
Event: 4.878 GC heap after
Heap after GC invocations=1 (full 0):
 PSYoungGen      total 18944K, used 2554K [0x00000000eab00000, 0x00000000ed000000, 0x0000000100000000)
  eden space 16384K, 0% used [0x00000000eab00000,0x00000000eab00000,0x00000000ebb00000)
  from space 2560K, 99% used [0x00000000ebb00000,0x00000000ebd7eab8,0x00000000ebd80000)
  to   space 2560K, 0% used [0x00000000ecd80000,0x00000000ecd80000,0x00000000ed000000)
 ParOldGen       total 44032K, used 1509K [0x00000000c0000000, 0x00000000c2b00000, 0x00000000eab00000)
  object space 44032K, 3% used [0x00000000c0000000,0x00000000c01795e0,0x00000000c2b00000)
 Metaspace       used 5705K, capacity 6768K, committed 7040K, reserved 1056768K
  class space    used 576K, capacity 616K, committed 640K, reserved 1048576K
}
Event: 6.204 GC heap before
{Heap before GC invocations=2 (full 0):
 PSYoungGen      total 18944K, used 18938K [0x00000000eab00000, 0x00000000ed000000, 0x0000000100000000)
  eden space 16384K, 100% used [0x00000000eab00000,0x00000000ebb00000,0x00000000ebb00000)
  from space 2560K, 99% used [0x00000000ebb00000,0x00000000ebd7eab8,0x00000000ebd80000)
  to   space 2560K, 0% used [0x00000000ecd80000,0x00000000ecd80000,0x00000000ed000000)
 ParOldGen       total 44032K, used 1509K [0x00000000c0000000, 0x00000000c2b00000, 0x00000000eab00000)
  object space 44032K, 3% used [0x00000000c0000000,0x00000000c01795e0,0x00000000c2b00000)
 Metaspace       used 5958K, capacity 6960K, committed 7040K, reserved 1056768K
  class space    used 579K, capacity 616K, committed 640K, reserved 1048576K
Event: 7.152 GC heap after
Heap after GC invocations=2 (full 0):
 PSYoungGen      total 35328K, used 2560K [0x00000000eab00000, 0x00000000ed000000, 0x0000000100000000)
  eden space 32768K, 0% used [0x00000000eab00000,0x00000000eab00000,0x00000000ecb00000)
  from space 2560K, 100% used [0x00000000ecd80000,0x00000000ed000000,0x00000000ed000000)
  to   space 2560K, 0% used [0x00000000ecb00000,0x00000000ecb00000,0x00000000ecd80000)
 ParOldGen       total 44032K, used 3815K [0x00000000c0000000, 0x00000000c2b00000, 0x00000000eab00000)
  object space 44032K, 8% used [0x00000000c0000000,0x00000000c03b9c08,0x00000000c2b00000)
 Metaspace       used 5958K, capacity 6960K, committed 7040K, reserved 1056768K
  class space    used 579K, capacity 616K, committed 640K, reserved 1048576K
}
Event: 9.573 GC heap before
{Heap before GC invocations=3 (full 0):
 PSYoungGen      total 35328K, used 35328K [0x00000000eab00000, 0x00000000ed000000, 0x0000000100000000)
  eden space 32768K, 100% used [0x00000000eab00000,0x00000000ecb00000,0x00000000ecb00000)
  from space 2560K, 100% used [0x00000000ecd80000,0x00000000ed000000,0x00000000ed000000)
  to   space 2560K, 0% used [0x00000000ecb00000,0x00000000ecb00000,0x00000000ecd80000)
 ParOldGen       total 44032K, used 3815K [0x00000000c0000000, 0x00000000c2b00000, 0x00000000eab00000)
  object space 44032K, 8% used [0x00000000c0000000,0x00000000c03b9c08,0x00000000c2b00000)
 Metaspace       used 6105K, capacity 7088K, committed 7296K, reserved 1056768K
  class space    used 579K, capacity 616K, committed 640K, reserved 1048576K

Deoptimization events (10 events):
Event: 6.181 Thread 0x0000000015fab000 Uncommon trap: reason=bimorphic action=maybe_recompile pc=0x0000000002aefcb4 method=com.android.dx.ssa.SCCP.simulatePhi(Lcom/android/dx/ssa/PhiInsn;)V @ 124
Event: 6.181 Thread 0x0000000015fab000 Uncommon trap: reason=bimorphic action=maybe_recompile pc=0x00000000028b28e4 method=java.util.HashMap.getNode(ILjava/lang/Object;)Ljava/util/HashMap$Node; @ 126
Event: 7.825 Thread 0x0000000015fab000 Uncommon trap: reason=class_check action=maybe_recompile pc=0x0000000002aefa70 method=com.android.dx.ssa.SCCP.setLatticeValueTo(IILcom/android/dx/rop/cst/Constant;)Z @ 43
Event: 7.825 Thread 0x0000000015fab000 Uncommon trap: reason=class_check action=maybe_recompile pc=0x0000000002aefa70 method=com.android.dx.ssa.SCCP.setLatticeValueTo(IILcom/android/dx/rop/cst/Constant;)Z @ 43
Event: 7.825 Thread 0x0000000015fab000 Uncommon trap: reason=class_check action=maybe_recompile pc=0x0000000002aefa70 method=com.android.dx.ssa.SCCP.setLatticeValueTo(IILcom/android/dx/rop/cst/Constant;)Z @ 43
Event: 7.825 Thread 0x0000000015fab000 Uncommon trap: reason=class_check action=maybe_recompile pc=0x0000000002aefa70 method=com.android.dx.ssa.SCCP.setLatticeValueTo(IILcom/android/dx/rop/cst/Constant;)Z @ 43
Event: 9.326 Thread 0x0000000015fb7000 Uncommon trap: reason=class_check action=maybe_recompile pc=0x0000000002bf95bc method=com.android.dx.ssa.SsaMethod.isRegALocal(Lcom/android/dx/rop/code/RegisterSpec;)Z @ 16
Event: 9.326 Thread 0x0000000015fb7000 Uncommon trap: reason=class_check action=maybe_recompile pc=0x0000000002bf95bc method=com.android.dx.ssa.SsaMethod.isRegALocal(Lcom/android/dx/rop/code/RegisterSpec;)Z @ 16
Event: 9.326 Thread 0x0000000015fb7000 Uncommon trap: reason=class_check action=maybe_recompile pc=0x0000000002bf95bc method=com.android.dx.ssa.SsaMethod.isRegALocal(Lcom/android/dx/rop/code/RegisterSpec;)Z @ 16
Event: 9.326 Thread 0x0000000015fb7000 Uncommon trap: reason=class_check action=maybe_recompile pc=0x0000000002bf95bc method=com.android.dx.ssa.SsaMethod.isRegALocal(Lcom/android/dx/rop/code/RegisterSpec;)Z @ 16

Internal exceptions (10 events):
Event: 2.606 Thread 0x0000000015fab000 Exception <a 'java/security/PrivilegedActionException'> (0x00000000eb0c39f0) thrown at [D:\re\workspace\8-2-build-windows-amd64-cygwin\jdk8u25\1677\hotspot\src\share\vm\prims\jvm.cpp, line 1312]
Event: 2.775 Thread 0x0000000015fb7000 Exception <a 'java/security/PrivilegedActionException'> (0x00000000eb456ea0) thrown at [D:\re\workspace\8-2-build-windows-amd64-cygwin\jdk8u25\1677\hotspot\src\share\vm\prims\jvm.cpp, line 1312]
Event: 2.797 Thread 0x00000000024e0800 Exception <a 'java/security/PrivilegedActionException'> (0x00000000eb550ed8) thrown at [D:\re\workspace\8-2-build-windows-amd64-cygwin\jdk8u25\1677\hotspot\src\share\vm\prims\jvm.cpp, line 1312]
Event: 3.794 Thread 0x00000000024e0800 Exception <a 'java/security/PrivilegedActionException'> (0x00000000eb73a310) thrown at [D:\re\workspace\8-2-build-windows-amd64-cygwin\jdk8u25\1677\hotspot\src\share\vm\prims\jvm.cpp, line 1312]
Event: 3.823 Thread 0x0000000015fb7000 Exception <a 'java/security/PrivilegedActionException'> (0x00000000eb49b4f0) thrown at [D:\re\workspace\8-2-build-windows-amd64-cygwin\jdk8u25\1677\hotspot\src\share\vm\prims\jvm.cpp, line 1312]
Event: 4.061 Thread 0x00000000024e0800 Exception <a 'java/security/PrivilegedActionException'> (0x00000000eb9b1570) thrown at [D:\re\workspace\8-2-build-windows-amd64-cygwin\jdk8u25\1677\hotspot\src\share\vm\prims\jvm.cpp, line 1312]
Event: 4.914 Thread 0x00000000024e0800 Exception <a 'java/security/PrivilegedActionException'> (0x00000000eabc95a8) thrown at [D:\re\workspace\8-2-build-windows-amd64-cygwin\jdk8u25\1677\hotspot\src\share\vm\prims\jvm.cpp, line 1312]
Event: 4.915 Thread 0x00000000024e0800 Exception <a 'java/security/PrivilegedActionException'> (0x00000000eabd3808) thrown at [D:\re\workspace\8-2-build-windows-amd64-cygwin\jdk8u25\1677\hotspot\src\share\vm\prims\jvm.cpp, line 1312]
Event: 4.915 Thread 0x00000000024e0800 Exception <a 'java/security/PrivilegedActionException'> (0x00000000eabd5ed0) thrown at [D:\re\workspace\8-2-build-windows-amd64-cygwin\jdk8u25\1677\hotspot\src\share\vm\prims\jvm.cpp, line 1312]
Event: 4.936 Thread 0x00000000024e0800 Implicit null exception at 0x000000000286c7a7 to 0x000000000286da71

Events (10 events):
Event: 9.326 Thread 0x0000000015fb7000 Uncommon trap: trap_request=0xffffffde fr.pc=0x0000000002bf95bc
Event: 9.326 Thread 0x0000000015fb7000 DEOPT PACKING pc=0x0000000002bf95bc sp=0x000000001669e360
Event: 9.326 Thread 0x0000000015fb7000 DEOPT UNPACKING pc=0x000000000262556a sp=0x000000001669e2c8 mode 2
Event: 9.326 Thread 0x0000000015fb7000 Uncommon trap: trap_request=0xffffffde fr.pc=0x0000000002bf95bc
Event: 9.326 Thread 0x0000000015fb7000 DEOPT PACKING pc=0x0000000002bf95bc sp=0x000000001669e360
Event: 9.326 Thread 0x0000000015fb7000 DEOPT UNPACKING pc=0x000000000262556a sp=0x000000001669e2c8 mode 2
Event: 9.326 Thread 0x0000000015fb7000 Uncommon trap: trap_request=0xffffffde fr.pc=0x0000000002bf95bc
Event: 9.326 Thread 0x0000000015fb7000 DEOPT PACKING pc=0x0000000002bf95bc sp=0x000000001669e360
Event: 9.326 Thread 0x0000000015fb7000 DEOPT UNPACKING pc=0x000000000262556a sp=0x000000001669e2c8 mode 2
Event: 9.434 Executing VM operation: ParallelGCFailedAllocation


Dynamic libraries:
0x00007ff658750000 - 0x00007ff658784000 	C:\Program Files\Java\jdk1.8.0_25\bin\java.exe
0x00007ff91d320000 - 0x00007ff91d4e1000 	C:\WINDOWS\SYSTEM32\ntdll.dll
0x00007ff91acc0000 - 0x00007ff91ad6d000 	C:\WINDOWS\system32\KERNEL32.DLL
0x00007ff91a6e0000 - 0x00007ff91a8bd000 	C:\WINDOWS\system32\KERNELBASE.dll
0x00007ff91c300000 - 0x00007ff91c3a6000 	C:\WINDOWS\system32\ADVAPI32.dll
0x00007ff91cea0000 - 0x00007ff91cf3d000 	C:\WINDOWS\system32\msvcrt.dll
0x00007ff91c490000 - 0x00007ff91c4eb000 	C:\WINDOWS\system32\sechost.dll
0x00007ff91c910000 - 0x00007ff91ca36000 	C:\WINDOWS\system32\RPCRT4.dll
0x00007ff91ca50000 - 0x00007ff91cb9e000 	C:\WINDOWS\system32\USER32.dll
0x00007ff91cbc0000 - 0x00007ff91cd46000 	C:\WINDOWS\system32\GDI32.dll
0x00007ff916a80000 - 0x00007ff916cf4000 	C:\WINDOWS\WinSxS\amd64_microsoft.windows.common-controls_6595b64144ccf1df_6.0.10240.16384_none_f41f7b285750ef43\COMCTL32.dll
0x00007ff91c4f0000 - 0x00007ff91c526000 	C:\WINDOWS\system32\IMM32.DLL
0x00007ff91d1c0000 - 0x00007ff91d31c000 	C:\WINDOWS\system32\MSCTF.dll
0x0000000064000000 - 0x00000000640d2000 	C:\Program Files\Java\jdk1.8.0_25\jre\bin\msvcr100.dll
0x0000000064560000 - 0x0000000064dba000 	C:\Program Files\Java\jdk1.8.0_25\jre\bin\server\jvm.dll
0x00007ff91ca40000 - 0x00007ff91ca48000 	C:\WINDOWS\system32\PSAPI.DLL
0x00007ff911290000 - 0x00007ff911299000 	C:\WINDOWS\SYSTEM32\WSOCK32.dll
0x00007ff918430000 - 0x00007ff918453000 	C:\WINDOWS\SYSTEM32\WINMM.dll
0x00007ff91c3b0000 - 0x00007ff91c419000 	C:\WINDOWS\system32\WS2_32.dll
0x00007ff91aa90000 - 0x00007ff91aa98000 	C:\WINDOWS\system32\NSI.dll
0x00007ff9183d0000 - 0x00007ff9183fc000 	C:\WINDOWS\SYSTEM32\WINMMBASE.dll
0x00007ff91a8c0000 - 0x00007ff91a904000 	C:\WINDOWS\system32\cfgmgr32.dll
0x00007ff918600000 - 0x00007ff918627000 	C:\WINDOWS\SYSTEM32\DEVOBJ.dll
0x0000000064470000 - 0x000000006447f000 	C:\Program Files\Java\jdk1.8.0_25\jre\bin\verify.dll
0x0000000064440000 - 0x0000000064468000 	C:\Program Files\Java\jdk1.8.0_25\jre\bin\java.dll
0x0000000064420000 - 0x0000000064436000 	C:\Program Files\Java\jdk1.8.0_25\jre\bin\zip.dll
0x00007ff91ad70000 - 0x00007ff91c292000 	C:\WINDOWS\system32\SHELL32.dll
0x00007ff919e80000 - 0x00007ff91a4a9000 	C:\WINDOWS\system32\windows.storage.dll
0x00007ff91cf40000 - 0x00007ff91d1bc000 	C:\WINDOWS\system32\combase.dll
0x00007ff91c2a0000 - 0x00007ff91c2f1000 	C:\WINDOWS\system32\shlwapi.dll
0x00007ff919dc0000 - 0x00007ff919dcf000 	C:\WINDOWS\system32\kernel.appcore.dll
0x00007ff91a910000 - 0x00007ff91a9c3000 	C:\WINDOWS\system32\shcore.dll
0x00007ff919d30000 - 0x00007ff919d7a000 	C:\WINDOWS\system32\powrprof.dll
0x00007ff919d80000 - 0x00007ff919d93000 	C:\WINDOWS\system32\profapi.dll
0x00007ff8f9400000 - 0x00007ff8f958a000 	C:\WINDOWS\SYSTEM32\dbghelp.dll

VM Arguments:
jvm_args: -Xmx1024M -Dfile.encoding=windows-1252 -Duser.country=US -Duser.language=en -Duser.variant 
java_command: com.android.dx.command.Main --dex --num-threads=4 --output C:\Users\tom\Desktop\SRM Measurements\SRM Measurements\SRMmeasurmens\app\build\intermediates\pre-dexed\debug\classes-0223a5f977a9be6e10243336a5b71a85a1a94cd3.jar C:\Users\tom\Desktop\SRM Measurements\SRM Measurements\SRMmeasurmens\app\build\intermediates\exploded-aar\com.google.android.gms\play-services-base\7.5.0\jars\classes.jar
java_class_path (initial): C:\Users\tom\AppData\Local\Android\sdk1\build-tools\23.0.0\lib\dx.jar
Launcher Type: SUN_STANDARD

Environment Variables:
JAVA_HOME=C:\Program Files\Java\jdk1.8.0_25
PATH=C:\ProgramData\Oracle\Java\javapath;C:\Program Files\Common Files\Microsoft Shared\Windows Live;C:\Program Files (x86)\Common Files\Microsoft Shared\Windows Live;C:\Program Files\Java\jdk1.8.0_25\bin;C:\Program Files (x86)\Windows Live\Shared;C:\Program Files (x86)\Microsoft SQL Server\90\Tools\binn\;C:\WINDOWS\system32;C:\WINDOWS;C:\WINDOWS\System32\Wbem;C:\WINDOWS\System32\WindowsPowerShell\v1.0\
USERNAME=tom
OS=Windows_NT
PROCESSOR_IDENTIFIER=Intel64 Family 6 Model 23 Stepping 10, GenuineIntel



---------------  S Y S T E M  ---------------

OS: Windows 8.1 , 64 bit Build 9600 

CPU:total 2 (2 cores per cpu, 1 threads per core) family 6 model 23 stepping 10, cmov, cx8, fxsr, mmx, sse, sse2, sse3, ssse3, sse4.1, tsc

Memory: 4k page, physical 4192756k(436536k free), swap 8387060k(3295992k free)

vm_info: Java HotSpot(TM) 64-Bit Server VM (25.25-b02) for windows-amd64 JRE (1.8.0_25-b18), built on Oct  7 2014 14:25:37 by "java_re" with MS VC++ 10.0 (VS2010)

time: Sun Aug 23 19:39:23 2015
elapsed time: 10 seconds (0d 0h 0m 10s)

