#
# A fatal error has been detected by the Java Runtime Environment:
#
#  EXCEPTION_ACCESS_VIOLATION (0xc0000005) at pc=0x000000006493f785, pid=6188, tid=8016
#
# JRE version: Java(TM) SE Runtime Environment (8.0_25-b18) (build 1.8.0_25-b18)
# Java VM: Java HotSpot(TM) 64-Bit Server VM (25.25-b02 mixed mode windows-amd64 compressed oops)
# Problematic frame:
# V  [jvm.dll+0x3df785]
#
# Failed to write core dump. Minidumps are not enabled by default on client versions of Windows
#
# If you would like to submit a bug report, please visit:
#   http://bugreport.sun.com/bugreport/crash.jsp
#

---------------  T H R E A D  ---------------

Current thread (0x00000000029a8800):  GCTaskThread [stack: 0x00000000122c0000,0x00000000123c0000] [id=8016]

siginfo: ExceptionCode=0xc0000005, reading address 0xffffffffffffffff

Registers:
RAX=0x00000000145c0780, RBX=0x00000000f3944fb0, RCX=0x0000000100078a08, RDX=0x0000000014ec65c0
RSP=0x00000000123bf2f0, RBP=0x000000000000ceb3, RSI=0x0000000014ec65c0, RDI=0x00000000f2ff7318
R8 =0x00000000f2ff7318, R9 =0x0000000100078a08, R10=0x0000000000000000, R11=0x00000000f2ff7318
R12=0x0000000011e59001, R13=0x00000008a4d2f509, R14=0x0000000000000000, R15=0x000000000299d720
RIP=0x000000006493f785, EFLAGS=0x0000000000010203

Top of Stack: (sp=0x00000000123bf2f0)
0x00000000123bf2f0:   00000008a4d2f511 000000000000ceb3
0x00000000123bf300:   0000000014ec65c0 00000000f4172dd1
0x00000000123bf310:   00000000f2fef318 0000000000001000
0x00000000123bf320:   00000000c17bee50 0000000000000400
0x00000000123bf330:   0000000000000000 0000000014ec6500
0x00000000123bf340:   0000000011e59001 000000006493f880
0x00000000123bf350:   00000000f2fef9fc 0000000011e59081
0x00000000123bf360:   0000000014ec65c0 00000000c1200e10
0x00000000123bf370:   00000000f2fef9fc 0000000064940435
0x00000000123bf380:   00000000f3d8b438 0000000011e58681
0x00000000123bf390:   0000000014ec65c0 000000001695e584
0x00000000123bf3a0:   0000000000000000 00000000029a6400
0x00000000123bf3b0:   0000000000000000 0000000064664d87
0x00000000123bf3c0:   0000000014ec65c0 0000000064662dc3
0x00000000123bf3d0:   00000000c0eea835 00000000c0eea835
0x00000000123bf3e0:   00000000c1200ce0 0000000064664d87 

Instructions: (pc=0x000000006493f785)
0x000000006493f765:   eb 04 4c 8b 4f 08 41 81 79 08 00 00 00 c0 0f 83
0x000000006493f775:   8d 00 00 00 49 8b 01 4c 8b c7 48 8b d6 49 8b c9
0x000000006493f785:   ff 90 20 01 00 00 eb 79 48 8b 03 24 03 3c 03 74
0x000000006493f795:   24 4c 8d 0d 9b 58 24 00 4c 8d 05 84 59 24 00 48 


Register to memory mapping:

RAX={method} {0x00000000145c0788} 'clone' '()Ljava/lang/Object;' in 'java/lang/Object'
RBX=0x00000000f3944fb0 is an oop

[error occurred during error reporting (printing register info), id 0xc0000005]

Stack: [0x00000000122c0000,0x00000000123c0000],  sp=0x00000000123bf2f0,  free space=1020k
Native frames: (J=compiled Java code, j=interpreted, Vv=VM code, C=native code)
V  [jvm.dll+0x3df785]
V  [jvm.dll+0x3df880]
V  [jvm.dll+0x3e0435]
V  [jvm.dll+0x3cfbff]
V  [jvm.dll+0x3e2442]
V  [jvm.dll+0x3d14ae]
V  [jvm.dll+0x2852fa]
C  [msvcr100.dll+0x21d9f]
C  [msvcr100.dll+0x21e3b]
C  [KERNEL32.DLL+0x12d92]
C  [ntdll.dll+0x9f64]


---------------  P R O C E S S  ---------------

Java Threads: ( => current thread )
  0x000000001648b800 JavaThread "pool-1-thread-4" [_thread_blocked, id=6124, stack(0x0000000016a60000,0x0000000016b60000)]
  0x0000000016483000 JavaThread "pool-1-thread-3" [_thread_blocked, id=3868, stack(0x0000000016960000,0x0000000016a60000)]
  0x000000001647e800 JavaThread "pool-1-thread-2" [_thread_blocked, id=2068, stack(0x0000000016860000,0x0000000016960000)]
  0x0000000016477000 JavaThread "pool-2-thread-1" [_thread_blocked, id=2396, stack(0x0000000016760000,0x0000000016860000)]
  0x0000000016476000 JavaThread "pool-1-thread-1" [_thread_blocked, id=252, stack(0x0000000016660000,0x0000000016760000)]
  0x0000000014f6c000 JavaThread "Service Thread" daemon [_thread_blocked, id=4032, stack(0x0000000016060000,0x0000000016160000)]
  0x0000000014f1c000 JavaThread "C1 CompilerThread1" daemon [_thread_blocked, id=6088, stack(0x0000000015f60000,0x0000000016060000)]
  0x0000000014f1a000 JavaThread "C2 CompilerThread0" daemon [_thread_blocked, id=3848, stack(0x0000000015e60000,0x0000000015f60000)]
  0x0000000014f18000 JavaThread "Attach Listener" daemon [_thread_blocked, id=1920, stack(0x0000000015d60000,0x0000000015e60000)]
  0x0000000014f14800 JavaThread "Signal Dispatcher" daemon [_thread_blocked, id=1652, stack(0x0000000015c60000,0x0000000015d60000)]
  0x0000000014ed4000 JavaThread "Finalizer" daemon [_thread_blocked, id=4028, stack(0x0000000015b60000,0x0000000015c60000)]
  0x0000000014ed1800 JavaThread "Reference Handler" daemon [_thread_blocked, id=6060, stack(0x0000000015a60000,0x0000000015b60000)]
  0x0000000002990800 JavaThread "main" [_thread_blocked, id=1072, stack(0x0000000002890000,0x0000000002990000)]

Other Threads:
  0x0000000014eca800 VMThread [stack: 0x0000000015960000,0x0000000015a60000] [id=5132]
  0x0000000014f6d000 WatcherThread [stack: 0x0000000016160000,0x0000000016260000] [id=2852]

=>0x00000000029a8800 (exited) GCTaskThread [stack: 0x00000000122c0000,0x00000000123c0000] [id=8016]

VM state:at safepoint (normal execution)

VM Mutex/Monitor currently owned by a thread:  ([mutex/lock_event])
[0x000000000275c9e0] Threads_lock - owner thread: 0x0000000014eca800
[0x000000000275bd60] Heap_lock - owner thread: 0x000000001648b800

Heap:
 PSYoungGen      total 140800K, used 140792K [0x00000000eab00000, 0x00000000f4800000, 0x0000000100000000)
  eden space 128512K, 100% used [0x00000000eab00000,0x00000000f2880000,0x00000000f2880000)
  from space 12288K, 99% used [0x00000000f3700000,0x00000000f42fe280,0x00000000f4300000)
  to   space 14848K, 99% used [0x00000000f2880000,0x00000000f36f9330,0x00000000f3700000)
 ParOldGen       total 46080K, used 45939K [0x00000000c0000000, 0x00000000c2d00000, 0x00000000eab00000)
  object space 46080K, 99% used [0x00000000c0000000,0x00000000c2ce0ef0,0x00000000c2d00000)
 Metaspace       used 6278K, capacity 7154K, committed 7296K, reserved 1056768K
  class space    used 598K, capacity 618K, committed 640K, reserved 1048576K

Card table byte_map: [0x0000000011e50000,0x0000000012060000] byte_map_base: 0x0000000011850000

Marking Bits: (ParMarkBitMap*) 0x0000000064d3d490
 Begin Bits: [0x00000000123c0000, 0x00000000133c0000)
 End Bits:   [0x00000000133c0000, 0x00000000143c0000)

Polling page: 0x0000000000f00000

CodeCache: size=245760Kb used=7707Kb max_used=7722Kb free=238052Kb
 bounds [0x0000000002a90000, 0x0000000003230000, 0x0000000011a90000]
 total_blobs=2065 nmethods=1801 adapters=178
 compilation: enabled

Compilation events (10 events):
Event: 7.446 Thread 0x0000000014f1a000 nmethod 1840 0x000000000321f850 code [0x000000000321fb40, 0x0000000003221908]
Event: 7.447 Thread 0x0000000014f1a000 1685       4       com.android.dx.util.MutabilityControl::throwIfMutable (18 bytes)
Event: 7.447 Thread 0x0000000014f1a000 nmethod 1685 0x0000000003176cd0 code [0x0000000003176e00, 0x0000000003176e78]
Event: 7.447 Thread 0x0000000014f1a000 1844       4       com.android.dx.rop.code.Rop::canThrow (18 bytes)
Event: 7.448 Thread 0x0000000014f1a000 nmethod 1844 0x00000000031c94d0 code [0x00000000031c9620, 0x00000000031c96d8]
Event: 7.448 Thread 0x0000000014f1a000 1762   !   4       com.android.dx.cf.code.BaseMachine::arg (36 bytes)
Event: 7.449 Thread 0x0000000014f1a000 nmethod 1762 0x00000000031c9210 code [0x00000000031c9340, 0x00000000031c93f8]
Event: 7.449 Thread 0x0000000014f1a000 1816       4       com.android.dx.cf.code.BasicBlocker::addWorkIfNecessary (32 bytes)
Event: 7.450 Thread 0x0000000014f1a000 nmethod 1816 0x00000000031e0450 code [0x00000000031e05a0, 0x00000000031e06d8]
Event: 7.450 Thread 0x0000000014f1a000 1474       4       com.android.dx.ssa.SCCP::simulateStmt (481 bytes)

GC Heap History (10 events):
Event: 2.158 GC heap after
Heap after GC invocations=2 (full 0):
 PSYoungGen      total 35328K, used 2554K [0x00000000eab00000, 0x00000000ed000000, 0x0000000100000000)
  eden space 32768K, 0% used [0x00000000eab00000,0x00000000eab00000,0x00000000ecb00000)
  from space 2560K, 99% used [0x00000000ecd80000,0x00000000ecffeab0,0x00000000ed000000)
  to   space 2560K, 0% used [0x00000000ecb00000,0x00000000ecb00000,0x00000000ecd80000)
 ParOldGen       total 44032K, used 3856K [0x00000000c0000000, 0x00000000c2b00000, 0x00000000eab00000)
  object space 44032K, 8% used [0x00000000c0000000,0x00000000c03c41e0,0x00000000c2b00000)
 Metaspace       used 5875K, capacity 6960K, committed 7040K, reserved 1056768K
  class space    used 577K, capacity 616K, committed 640K, reserved 1048576K
}
Event: 2.730 GC heap before
{Heap before GC invocations=3 (full 0):
 PSYoungGen      total 35328K, used 35322K [0x00000000eab00000, 0x00000000ed000000, 0x0000000100000000)
  eden space 32768K, 100% used [0x00000000eab00000,0x00000000ecb00000,0x00000000ecb00000)
  from space 2560K, 99% used [0x00000000ecd80000,0x00000000ecffeab0,0x00000000ed000000)
  to   space 2560K, 0% used [0x00000000ecb00000,0x00000000ecb00000,0x00000000ecd80000)
 ParOldGen       total 44032K, used 3856K [0x00000000c0000000, 0x00000000c2b00000, 0x00000000eab00000)
  object space 44032K, 8% used [0x00000000c0000000,0x00000000c03c41e0,0x00000000c2b00000)
 Metaspace       used 6006K, capacity 7024K, committed 7296K, reserved 1056768K
  class space    used 578K, capacity 616K, committed 640K, reserved 1048576K
Event: 2.754 GC heap after
Heap after GC invocations=3 (full 0):
 PSYoungGen      total 35328K, used 2544K [0x00000000eab00000, 0x00000000ef000000, 0x0000000100000000)
  eden space 32768K, 0% used [0x00000000eab00000,0x00000000eab00000,0x00000000ecb00000)
  from space 2560K, 99% used [0x00000000ecb00000,0x00000000ecd7c020,0x00000000ecd80000)
  to   space 2560K, 0% used [0x00000000eed80000,0x00000000eed80000,0x00000000ef000000)
 ParOldGen       total 44032K, used 8793K [0x00000000c0000000, 0x00000000c2b00000, 0x00000000eab00000)
  object space 44032K, 19% used [0x00000000c0000000,0x00000000c08965c0,0x00000000c2b00000)
 Metaspace       used 6006K, capacity 7024K, committed 7296K, reserved 1056768K
  class space    used 578K, capacity 616K, committed 640K, reserved 1048576K
}
Event: 3.210 GC heap before
{Heap before GC invocations=4 (full 0):
 PSYoungGen      total 35328K, used 35312K [0x00000000eab00000, 0x00000000ef000000, 0x0000000100000000)
  eden space 32768K, 100% used [0x00000000eab00000,0x00000000ecb00000,0x00000000ecb00000)
  from space 2560K, 99% used [0x00000000ecb00000,0x00000000ecd7c020,0x00000000ecd80000)
  to   space 2560K, 0% used [0x00000000eed80000,0x00000000eed80000,0x00000000ef000000)
 ParOldGen       total 44032K, used 8793K [0x00000000c0000000, 0x00000000c2b00000, 0x00000000eab00000)
  object space 44032K, 19% used [0x00000000c0000000,0x00000000c08965c0,0x00000000c2b00000)
 Metaspace       used 6050K, capacity 7088K, committed 7296K, reserved 1056768K
  class space    used 579K, capacity 616K, committed 640K, reserved 1048576K
Event: 3.287 GC heap after
Heap after GC invocations=4 (full 0):
 PSYoungGen      total 68096K, used 2544K [0x00000000eab00000, 0x00000000ef000000, 0x0000000100000000)
  eden space 65536K, 0% used [0x00000000eab00000,0x00000000eab00000,0x00000000eeb00000)
  from space 2560K, 99% used [0x00000000eed80000,0x00000000eeffc020,0x00000000ef000000)
  to   space 2560K, 0% used [0x00000000eeb00000,0x00000000eeb00000,0x00000000eed80000)
 ParOldGen       total 44032K, used 13769K [0x00000000c0000000, 0x00000000c2b00000, 0x00000000eab00000)
  object space 44032K, 31% used [0x00000000c0000000,0x00000000c0d72548,0x00000000c2b00000)
 Metaspace       used 6050K, capacity 7088K, committed 7296K, reserved 1056768K
  class space    used 579K, capacity 616K, committed 640K, reserved 1048576K
}
Event: 4.401 GC heap before
{Heap before GC invocations=5 (full 0):
 PSYoungGen      total 68096K, used 68080K [0x00000000eab00000, 0x00000000ef000000, 0x0000000100000000)
  eden space 65536K, 100% used [0x00000000eab00000,0x00000000eeb00000,0x00000000eeb00000)
  from space 2560K, 99% used [0x00000000eed80000,0x00000000eeffc020,0x00000000ef000000)
  to   space 2560K, 0% used [0x00000000eeb00000,0x00000000eeb00000,0x00000000eed80000)
 ParOldGen       total 44032K, used 13769K [0x00000000c0000000, 0x00000000c2b00000, 0x00000000eab00000)
  object space 44032K, 31% used [0x00000000c0000000,0x00000000c0d72548,0x00000000c2b00000)
 Metaspace       used 6100K, capacity 7088K, committed 7296K, reserved 1056768K
  class space    used 579K, capacity 616K, committed 640K, reserved 1048576K
Event: 4.437 GC heap after
Heap after GC invocations=5 (full 0):
 PSYoungGen      total 68096K, used 2536K [0x00000000eab00000, 0x00000000f4300000, 0x0000000100000000)
  eden space 65536K, 0% used [0x00000000eab00000,0x00000000eab00000,0x00000000eeb00000)
  from space 2560K, 99% used [0x00000000eeb00000,0x00000000eed7a270,0x00000000eed80000)
  to   space 12288K, 0% used [0x00000000f3700000,0x00000000f3700000,0x00000000f4300000)
 ParOldGen       total 44032K, used 23278K [0x00000000c0000000, 0x00000000c2b00000, 0x00000000eab00000)
  object space 44032K, 52% used [0x00000000c0000000,0x00000000c16bb9b8,0x00000000c2b00000)
 Metaspace       used 6100K, capacity 7088K, committed 7296K, reserved 1056768K
  class space    used 579K, capacity 616K, committed 640K, reserved 1048576K
}
Event: 5.123 GC heap before
{Heap before GC invocations=6 (full 0):
 PSYoungGen      total 68096K, used 68072K [0x00000000eab00000, 0x00000000f4300000, 0x0000000100000000)
  eden space 65536K, 100% used [0x00000000eab00000,0x00000000eeb00000,0x00000000eeb00000)
  from space 2560K, 99% used [0x00000000eeb00000,0x00000000eed7a270,0x00000000eed80000)
  to   space 12288K, 0% used [0x00000000f3700000,0x00000000f3700000,0x00000000f4300000)
 ParOldGen       total 44032K, used 23278K [0x00000000c0000000, 0x00000000c2b00000, 0x00000000eab00000)
  object space 44032K, 52% used [0x00000000c0000000,0x00000000c16bb9b8,0x00000000c2b00000)
 Metaspace       used 6267K, capacity 7154K, committed 7296K, reserved 1056768K
  class space    used 598K, capacity 618K, committed 640K, reserved 1048576K
Event: 5.191 GC heap after
Heap after GC invocations=6 (full 0):
 PSYoungGen      total 140800K, used 12280K [0x00000000eab00000, 0x00000000f4800000, 0x0000000100000000)
  eden space 128512K, 0% used [0x00000000eab00000,0x00000000eab00000,0x00000000f2880000)
  from space 12288K, 99% used [0x00000000f3700000,0x00000000f42fe280,0x00000000f4300000)
  to   space 14848K, 0% used [0x00000000f2880000,0x00000000f2880000,0x00000000f3700000)
 ParOldGen       total 44032K, used 23630K [0x00000000c0000000, 0x00000000c2b00000, 0x00000000eab00000)
  object space 44032K, 53% used [0x00000000c0000000,0x00000000c1713bc0,0x00000000c2b00000)
 Metaspace       used 6267K, capacity 7154K, committed 7296K, reserved 1056768K
  class space    used 598K, capacity 618K, committed 640K, reserved 1048576K
}
Event: 7.565 GC heap before
{Heap before GC invocations=7 (full 0):
 PSYoungGen      total 140800K, used 140792K [0x00000000eab00000, 0x00000000f4800000, 0x0000000100000000)
  eden space 128512K, 100% used [0x00000000eab00000,0x00000000f2880000,0x00000000f2880000)
  from space 12288K, 99% used [0x00000000f3700000,0x00000000f42fe280,0x00000000f4300000)
  to   space 14848K, 0% used [0x00000000f2880000,0x00000000f2880000,0x00000000f3700000)
 ParOldGen       total 44032K, used 23630K [0x00000000c0000000, 0x00000000c2b00000, 0x00000000eab00000)
  object space 44032K, 53% used [0x00000000c0000000,0x00000000c1713bc0,0x00000000c2b00000)
 Metaspace       used 6278K, capacity 7154K, committed 7296K, reserved 1056768K
  class space    used 598K, capacity 618K, committed 640K, reserved 1048576K

Deoptimization events (10 events):
Event: 3.689 Thread 0x0000000002990800 Uncommon trap: reason=class_check action=maybe_recompile pc=0x0000000002ed966c method=java.util.HashMap.putVal(ILjava/lang/Object;Ljava/lang/Object;ZZ)Ljava/lang/Object; @ 203
Event: 3.689 Thread 0x0000000002990800 Uncommon trap: reason=class_check action=maybe_recompile pc=0x0000000002ed966c method=java.util.HashMap.putVal(ILjava/lang/Object;Ljava/lang/Object;ZZ)Ljava/lang/Object; @ 203
Event: 3.689 Thread 0x0000000002990800 Uncommon trap: reason=bimorphic action=maybe_recompile pc=0x0000000002e5d5cc method=java.util.HashMap.getNode(ILjava/lang/Object;)Ljava/util/HashMap$Node; @ 126
Event: 4.181 Thread 0x000000001648b800 Uncommon trap: reason=unreached action=reinterpret pc=0x0000000002eb4b5c method=com.android.dx.ssa.SsaMethod.updateOneDefinition(Lcom/android/dx/ssa/SsaInsn;Lcom/android/dx/rop/code/RegisterSpec;)V @ 4
Event: 4.323 Thread 0x000000001647e800 Uncommon trap: reason=bimorphic action=maybe_recompile pc=0x00000000030dd304 method=com.android.dx.cf.code.BytecodeArray.parseInstruction(ILcom/android/dx/cf/code/BytecodeArray$Visitor;)I @ 1357
Event: 4.323 Thread 0x000000001647e800 Uncommon trap: reason=bimorphic action=maybe_recompile pc=0x00000000030dd304 method=com.android.dx.cf.code.BytecodeArray.parseInstruction(ILcom/android/dx/cf/code/BytecodeArray$Visitor;)I @ 1357
Event: 4.510 Thread 0x0000000016476000 Uncommon trap: reason=unreached action=reinterpret pc=0x0000000002e76a44 method=java.util.HashMap.getNode(ILjava/lang/Object;)Ljava/util/HashMap$Node; @ 84
Event: 4.860 Thread 0x0000000016476000 Uncommon trap: reason=unreached action=reinterpret pc=0x0000000002ed961c method=java.util.HashMap.putVal(ILjava/lang/Object;Ljava/lang/Object;ZZ)Ljava/lang/Object; @ 109
Event: 5.102 Thread 0x0000000016476000 Uncommon trap: reason=bimorphic action=maybe_recompile pc=0x0000000003180b68 method=com.android.dx.cf.code.BytecodeArray.parseInstruction(ILcom/android/dx/cf/code/BytecodeArray$Visitor;)I @ 2135
Event: 5.102 Thread 0x0000000016476000 Uncommon trap: reason=bimorphic action=maybe_recompile pc=0x0000000003180b68 method=com.android.dx.cf.code.BytecodeArray.parseInstruction(ILcom/android/dx/cf/code/BytecodeArray$Visitor;)I @ 2135

Internal exceptions (10 events):
Event: 0.666 Thread 0x000000001647e800 Exception <a 'java/security/PrivilegedActionException'> (0x00000000eb6600a0) thrown at [D:\re\workspace\8-2-build-windows-amd64-cygwin\jdk8u25\1677\hotspot\src\share\vm\prims\jvm.cpp, line 1312]
Event: 0.794 Thread 0x0000000002990800 Exception <a 'java/security/PrivilegedActionException'> (0x00000000eb589558) thrown at [D:\re\workspace\8-2-build-windows-amd64-cygwin\jdk8u25\1677\hotspot\src\share\vm\prims\jvm.cpp, line 1312]
Event: 2.057 Thread 0x0000000002990800 Exception <a 'java/security/PrivilegedActionException'> (0x00000000eb5f6680) thrown at [D:\re\workspace\8-2-build-windows-amd64-cygwin\jdk8u25\1677\hotspot\src\share\vm\prims\jvm.cpp, line 1312]
Event: 2.267 Thread 0x0000000002990800 Exception <a 'java/security/PrivilegedActionException'> (0x00000000ead08f90) thrown at [D:\re\workspace\8-2-build-windows-amd64-cygwin\jdk8u25\1677\hotspot\src\share\vm\prims\jvm.cpp, line 1312]
Event: 2.287 Thread 0x000000001647e800 Exception <a 'java/security/PrivilegedActionException'> (0x00000000eb232910) thrown at [D:\re\workspace\8-2-build-windows-amd64-cygwin\jdk8u25\1677\hotspot\src\share\vm\prims\jvm.cpp, line 1312]
Event: 3.060 Thread 0x0000000016483000 Exception <a 'java/security/PrivilegedActionException'> (0x00000000ec50f838) thrown at [D:\re\workspace\8-2-build-windows-amd64-cygwin\jdk8u25\1677\hotspot\src\share\vm\prims\jvm.cpp, line 1312]
Event: 4.509 Thread 0x0000000016476000 Exception <a 'java/lang/ArrayIndexOutOfBoundsException': 18> (0x00000000eb7a6c50) thrown at [D:\re\workspace\8-2-build-windows-amd64-cygwin\jdk8u25\1677\hotspot\src\share\vm\interpreter\interpreterRuntime.cpp, line 366]
Event: 4.509 Thread 0x0000000016476000 Exception <a 'java/lang/ArrayIndexOutOfBoundsException'> (0x00000000eb7a86e8) thrown at [D:\re\workspace\8-2-build-windows-amd64-cygwin\jdk8u25\1677\hotspot\src\share\vm\runtime\sharedRuntime.cpp, line 604]
Event: 4.510 Thread 0x0000000016476000 Exception <a 'java/lang/ArrayIndexOutOfBoundsException'> (0x00000000eb7a9900) thrown at [D:\re\workspace\8-2-build-windows-amd64-cygwin\jdk8u25\1677\hotspot\src\share\vm\runtime\sharedRuntime.cpp, line 604]
Event: 5.296 Thread 0x0000000016476000 Exception <a 'java/security/PrivilegedActionException'> (0x00000000ebcf3e60) thrown at [D:\re\workspace\8-2-build-windows-amd64-cygwin\jdk8u25\1677\hotspot\src\share\vm\prims\jvm.cpp, line 1312]

Events (10 events):
Event: 5.102 Thread 0x0000000016476000 Uncommon trap: trap_request=0xffffffc6 fr.pc=0x0000000003180b68
Event: 5.102 Thread 0x0000000016476000 DEOPT PACKING pc=0x0000000003180b68 sp=0x000000001675e7c0
Event: 5.102 Thread 0x0000000016476000 DEOPT UNPACKING pc=0x0000000002ad556a sp=0x000000001675e790 mode 2
Event: 5.121 Executing VM operation: ParallelGCFailedAllocation
Event: 5.191 Executing VM operation: ParallelGCFailedAllocation done
Event: 5.295 loading class com/android/dx/rop/code/RegOps
Event: 5.295 loading class com/android/dx/rop/code/RegOps done
Event: 5.439 Thread 0x0000000016476000 DEOPT PACKING pc=0x00000000030bfb08 sp=0x000000001675e670
Event: 5.439 Thread 0x0000000016476000 DEOPT UNPACKING pc=0x0000000002ad71bf sp=0x000000001675e378 mode 0
Event: 7.564 Executing VM operation: ParallelGCFailedAllocation


Dynamic libraries:
0x00007ff658750000 - 0x00007ff658784000 	C:\Program Files\Java\jdk1.8.0_25\bin\java.exe
0x00007ff91d320000 - 0x00007ff91d4e1000 	C:\WINDOWS\SYSTEM32\ntdll.dll
0x00007ff91acc0000 - 0x00007ff91ad6d000 	C:\WINDOWS\system32\KERNEL32.DLL
0x00007ff91a6e0000 - 0x00007ff91a8bd000 	C:\WINDOWS\system32\KERNELBASE.dll
0x00007ff91c300000 - 0x00007ff91c3a6000 	C:\WINDOWS\system32\ADVAPI32.dll
0x00007ff91cea0000 - 0x00007ff91cf3d000 	C:\WINDOWS\system32\msvcrt.dll
0x00007ff91c490000 - 0x00007ff91c4eb000 	C:\WINDOWS\system32\sechost.dll
0x00007ff91c910000 - 0x00007ff91ca36000 	C:\WINDOWS\system32\RPCRT4.dll
0x00007ff91ca50000 - 0x00007ff91cb9e000 	C:\WINDOWS\system32\USER32.dll
0x00007ff91cbc0000 - 0x00007ff91cd46000 	C:\WINDOWS\system32\GDI32.dll
0x00007ff916a80000 - 0x00007ff916cf4000 	C:\WINDOWS\WinSxS\amd64_microsoft.windows.common-controls_6595b64144ccf1df_6.0.10240.16384_none_f41f7b285750ef43\COMCTL32.dll
0x00007ff91c4f0000 - 0x00007ff91c526000 	C:\WINDOWS\system32\IMM32.DLL
0x00007ff91d1c0000 - 0x00007ff91d31c000 	C:\WINDOWS\system32\MSCTF.dll
0x0000000064000000 - 0x00000000640d2000 	C:\Program Files\Java\jdk1.8.0_25\jre\bin\msvcr100.dll
0x0000000064560000 - 0x0000000064dba000 	C:\Program Files\Java\jdk1.8.0_25\jre\bin\server\jvm.dll
0x00007ff91ca40000 - 0x00007ff91ca48000 	C:\WINDOWS\system32\PSAPI.DLL
0x00007ff911290000 - 0x00007ff911299000 	C:\WINDOWS\SYSTEM32\WSOCK32.dll
0x00007ff918430000 - 0x00007ff918453000 	C:\WINDOWS\SYSTEM32\WINMM.dll
0x00007ff91c3b0000 - 0x00007ff91c419000 	C:\WINDOWS\system32\WS2_32.dll
0x00007ff91aa90000 - 0x00007ff91aa98000 	C:\WINDOWS\system32\NSI.dll
0x00007ff9183d0000 - 0x00007ff9183fc000 	C:\WINDOWS\SYSTEM32\WINMMBASE.dll
0x00007ff91a8c0000 - 0x00007ff91a904000 	C:\WINDOWS\system32\cfgmgr32.dll
0x00007ff918600000 - 0x00007ff918627000 	C:\WINDOWS\SYSTEM32\DEVOBJ.dll
0x0000000064470000 - 0x000000006447f000 	C:\Program Files\Java\jdk1.8.0_25\jre\bin\verify.dll
0x0000000064440000 - 0x0000000064468000 	C:\Program Files\Java\jdk1.8.0_25\jre\bin\java.dll
0x0000000064420000 - 0x0000000064436000 	C:\Program Files\Java\jdk1.8.0_25\jre\bin\zip.dll
0x00007ff91ad70000 - 0x00007ff91c292000 	C:\WINDOWS\system32\SHELL32.dll
0x00007ff919e80000 - 0x00007ff91a4a9000 	C:\WINDOWS\system32\windows.storage.dll
0x00007ff91cf40000 - 0x00007ff91d1bc000 	C:\WINDOWS\system32\combase.dll
0x00007ff91c2a0000 - 0x00007ff91c2f1000 	C:\WINDOWS\system32\shlwapi.dll
0x00007ff919dc0000 - 0x00007ff919dcf000 	C:\WINDOWS\system32\kernel.appcore.dll
0x00007ff91a910000 - 0x00007ff91a9c3000 	C:\WINDOWS\system32\shcore.dll
0x00007ff919d30000 - 0x00007ff919d7a000 	C:\WINDOWS\system32\powrprof.dll
0x00007ff919d80000 - 0x00007ff919d93000 	C:\WINDOWS\system32\profapi.dll
0x00007ff8f9400000 - 0x00007ff8f958a000 	C:\WINDOWS\SYSTEM32\dbghelp.dll

VM Arguments:
jvm_args: -Xmx1024M -Dfile.encoding=windows-1252 -Duser.country=US -Duser.language=en -Duser.variant 
java_command: com.android.dx.command.Main --dex --num-threads=4 --output C:\Users\tom\Desktop\SRM Measurements\SRM Measurements\SRMmeasurmens\app\build\intermediates\pre-dexed\debug\classes-55ed5bfd7df38275b821e0daa973182ca78935fc.jar C:\Users\tom\Desktop\SRM Measurements\SRM Measurements\SRMmeasurmens\app\build\intermediates\exploded-aar\com.google.android.gms\play-services-analytics\7.5.0\jars\classes.jar
java_class_path (initial): C:\Users\tom\AppData\Local\Android\sdk1\build-tools\23.0.0\lib\dx.jar
Launcher Type: SUN_STANDARD

Environment Variables:
JAVA_HOME=C:\Program Files\Java\jdk1.8.0_25
PATH=C:\ProgramData\Oracle\Java\javapath;C:\Program Files\Common Files\Microsoft Shared\Windows Live;C:\Program Files (x86)\Common Files\Microsoft Shared\Windows Live;C:\Program Files\Java\jdk1.8.0_25\bin;C:\Program Files (x86)\Windows Live\Shared;C:\Program Files (x86)\Microsoft SQL Server\90\Tools\binn\;C:\WINDOWS\system32;C:\WINDOWS;C:\WINDOWS\System32\Wbem;C:\WINDOWS\System32\WindowsPowerShell\v1.0\
USERNAME=tom
OS=Windows_NT
PROCESSOR_IDENTIFIER=Intel64 Family 6 Model 23 Stepping 10, GenuineIntel



---------------  S Y S T E M  ---------------

OS: Windows 8.1 , 64 bit Build 9600 

CPU:total 2 (2 cores per cpu, 1 threads per core) family 6 model 23 stepping 10, cmov, cx8, fxsr, mmx, sse, sse2, sse3, ssse3, sse4.1, tsc

Memory: 4k page, physical 4192756k(265780k free), swap 8387060k(3130624k free)

vm_info: Java HotSpot(TM) 64-Bit Server VM (25.25-b02) for windows-amd64 JRE (1.8.0_25-b18), built on Oct  7 2014 14:25:37 by "java_re" with MS VC++ 10.0 (VS2010)

time: Sun Aug 23 19:40:06 2015
elapsed time: 7 seconds (0d 0h 0m 7s)

